[debug] [2018-01-09T03:54:40.185Z] ----------------------------------------------------------------------
[debug] [2018-01-09T03:54:40.189Z] Command:       C:\Program Files\nodejs\node.exe C:\Users\Punkrawk\AppData\Roaming\npm\node_modules\firebase-tools\bin\firebase deploy
[debug] [2018-01-09T03:54:40.189Z] CLI Version:   3.14.0
[debug] [2018-01-09T03:54:40.189Z] Platform:      win32
[debug] [2018-01-09T03:54:40.189Z] Node Version:  v6.11.4
[debug] [2018-01-09T03:54:40.189Z] Time:          Tue Jan 09 2018 10:54:40 GMT+0700 (SE Asia Standard Time)
[debug] [2018-01-09T03:54:40.189Z] ----------------------------------------------------------------------
[debug] 
[debug] [2018-01-09T03:54:40.279Z] > command requires scopes: ["email","openid","https://www.googleapis.com/auth/cloudplatformprojects.readonly","https://www.googleapis.com/auth/firebase","https://www.googleapis.com/auth/cloud-platform"]
[debug] [2018-01-09T03:54:40.279Z] > authorizing via signed-in user
[debug] [2018-01-09T03:54:40.279Z] > refreshing access token with scopes: ["email","https://www.googleapis.com/auth/cloud-platform","https://www.googleapis.com/auth/cloudplatformprojects.readonly","https://www.googleapis.com/auth/firebase","openid"]
[debug] [2018-01-09T03:54:40.279Z] >>> HTTP REQUEST POST https://www.googleapis.com/oauth2/v3/token { refresh_token: '1/gpzBHVvJ5a53K1-EJSzeJN7kYY90K0lYmX0wNQQhGG4',
  client_id: '563584335869-fgrhgmd47bqnekij5i8b5pr03ho849e6.apps.googleusercontent.com',
  client_secret: 'j9iVZfS8kkCEFUPaAeJV0sAi',
  grant_type: 'refresh_token',
  scope: 'email https://www.googleapis.com/auth/cloud-platform https://www.googleapis.com/auth/cloudplatformprojects.readonly https://www.googleapis.com/auth/firebase openid' } 
 Tue Jan 09 2018 10:54:40 GMT+0700 (SE Asia Standard Time)
[debug] [2018-01-09T03:54:43.219Z] <<< HTTP RESPONSE 200
[debug] [2018-01-09T03:54:43.251Z] >>> HTTP REQUEST GET https://admin.firebase.com/v1/projects/sensorsdatabase  
 Tue Jan 09 2018 10:54:43 GMT+0700 (SE Asia Standard Time)
[debug] [2018-01-09T03:54:44.867Z] <<< HTTP RESPONSE 200
[debug] [2018-01-09T03:54:44.867Z] >>> HTTP REQUEST GET https://admin.firebase.com/v1/database/sensorsdatabase/tokens  
 Tue Jan 09 2018 10:54:44 GMT+0700 (SE Asia Standard Time)
[debug] [2018-01-09T03:54:45.937Z] <<< HTTP RESPONSE 200
[info] 1
[info] 
[info] === Deploying to 'sensorsdatabase'...
[info] 
[info] i  deploying hosting
[info] i  hosting: preparing ./dist directory for upload...
[debug] [2018-01-09T03:54:48.772Z] >>> HTTP REQUEST PUT https://deploy.firebase.com/v1/hosting/sensorsdatabase/uploads/-L2O2_wzHkAAfHrWomVC?fileCount=15&message=  
 Tue Jan 09 2018 10:54:48 GMT+0700 (SE Asia Standard Time)
[debug] [2018-01-09T03:54:54.443Z] <<< HTTP RESPONSE 200
[debug] [2018-01-09T03:54:54.443Z] [hosting] .tgz uploaded successfully, waiting for extraction
[info] +  hosting: 15 files uploaded successfully
[debug] [2018-01-09T03:55:00.649Z] >>> HTTP REQUEST POST https://deploy.firebase.com/v1/projects/sensorsdatabase/releases { hosting: 
   { public: './dist',
     version: '-L2O2_wzHkAAfHrWomVC',
     prefix: '-L2O2_wzHkAAfHrWomVC/',
     manifest: [] } } 
 Tue Jan 09 2018 10:55:00 GMT+0700 (SE Asia Standard Time)
